{"level":"warn","message":"[Warning] Config was loaded successfully."}
{"level":"warn","message":"[Warning] ShibaBot is starting..."}
{"level":"warn","message":"[Warning] Config was loaded successfully.","time":"31:11:2022 - 17:15:55"}
{"level":"warn","message":"[Warning] ShibaBot is starting...","time":"31:11:2022 - 17:15:55"}
{"level":"warn","message":"[Warning] Config was loaded successfully.","time":"1:0:2023 - 16:22:56"}
{"level":"warn","message":"[Warning] ShibaBot is starting...","time":"1:0:2023 - 16:22:56"}
{"level":"warn","message":"[Warning] Config was loaded successfully.","time":"1:0:2023 - 16:23:57"}
{"level":"warn","message":"[Warning] ShibaBot is starting...","time":"1:0:2023 - 16:23:57"}
{"level":"info","message":"[Info] Config was loaded successfully.","time":"1:0:2023 - 16:26:31"}
{"level":"info","message":"[Info] ShibaBot is starting...","time":"1:0:2023 - 16:26:31"}
{"level":"info","message":"[Info] Config was loaded successfully.","time":"01:00:2023 - 16:30:32"}
{"level":"info","message":"[Info] ShibaBot is starting...","time":"01:00:2023 - 16:30:32"}
{"level":"info","message":"[Info] Config was loaded successfully.","time":"01:Jan:2023 - 16:35:11"}
{"level":"info","message":"[Info] ShibaBot is starting...","time":"01:Jan:2023 - 16:35:11"}
{"level":"info","message":"[Info] Config was loaded successfully.","time":"01 Jan 2023 - 16:35:58"}
{"level":"info","message":"[Info] ShibaBot is starting...","time":"01 Jan 2023 - 16:35:58"}
{"level":"info","message":"[Info] File 'config.js' was loaded successfully.","time":"02 Jan 2023 - 16:53:11"}
{"level":"info","message":"[Info] ShibaBot is starting...","time":"02 Jan 2023 - 16:53:11"}
{"level":"info","message":"[Info] File 'config.js' was loaded successfully.","time":"02 Jan 2023 - 17:01:00"}
{"level":"info","message":"[Info] ShibaBot is starting...","time":"02 Jan 2023 - 17:01:00"}
{"level":"info","message":"[Info] File 'config.js' was loaded successfully.","time":"02 Jan 2023 - 17:05:11"}
{"level":"info","message":"[Info] ShibaBot is starting...","time":"02 Jan 2023 - 17:05:11"}
{"level":"info","message":"[Info] File 'config.js' was loaded successfully.","time":"02 Jan 2023 - 17:12:07"}
{"level":"info","message":"[Info] ShibaBot is starting...","time":"02 Jan 2023 - 17:12:07"}
{"level":"info","message":"[Info] File 'config.js' was loaded successfully.","time":"02 Jan 2023 - 17:12:40"}
{"level":"info","message":"[Info] ShibaBot is starting...","time":"02 Jan 2023 - 17:12:40"}
{"level":"info","message":"[Info] File 'config.js' was loaded successfully.","time":"02 Jan 2023 - 22:48:05"}
{"level":"info","message":"[Info] ShibaBot is starting...","time":"02 Jan 2023 - 22:48:05"}
{"level":"warn","message":"[Warning] Commands folder seems to be empty!","time":"02 Jan 2023 - 22:48:05"}
{"level":"info","message":"[Info] File 'config.js' was loaded successfully.","time":"04 Jan 2023 - 17:16:06"}
{"level":"info","message":"[Info] ShibaBot is starting...","time":"04 Jan 2023 - 17:16:06"}
{"level":"warn","message":"[Warning] slashCommands folder seems to be empty!","time":"04 Jan 2023 - 17:16:06"}
{"level":"warn","message":"[Warning] events folder seems to be empty!","time":"04 Jan 2023 - 17:16:06"}
{"level":"info","message":"[Info] File 'config.js' was loaded successfully.","time":"05 Jan 2023 - 13:13:34"}
{"level":"info","message":"[Info] ShibaBot is starting...","time":"05 Jan 2023 - 13:13:34"}
{"level":"warn","message":"[Warning] slashCommands folder seems to be empty!","time":"05 Jan 2023 - 13:13:34"}
{"level":"warn","message":"[Warning] Event script'BotReady'was loaded successfully.","time":"05 Jan 2023 - 13:13:34"}
{"level":"info","message":"[Info] File 'config.js' was loaded successfully.","time":"05 Jan 2023 - 13:24:42"}
{"level":"info","message":"[Info] ShibaBot is starting...","time":"05 Jan 2023 - 13:24:42"}
{"level":"warn","message":"[Warning] slashCommands folder seems to be empty!","time":"05 Jan 2023 - 13:24:42"}
{"level":"info","message":"[Info] Event script ' BotReady ' was loaded successfully.","time":"05 Jan 2023 - 13:24:42"}
{"level":"info","message":"[Info] File 'config.js' was loaded successfully.","time":"05 Jan 2023 - 13:46:22"}
{"level":"info","message":"[Info] ShibaBot is starting...","time":"05 Jan 2023 - 13:46:22"}
{"level":"warn","message":"[Warning] slashCommands folder seems to be empty!","time":"05 Jan 2023 - 13:46:22"}
{"level":"info","message":"[Info] Event script ' BotReady ' was loaded successfully.","time":"05 Jan 2023 - 13:46:22"}
{"level":"info","message":"[Info] File 'config.js' was loaded successfully.","time":"05 Jan 2023 - 13:48:37"}
{"level":"info","message":"[Info] ShibaBot is starting...","time":"05 Jan 2023 - 13:48:37"}
{"level":"warn","message":"[Warning] slashCommands folder seems to be empty!","time":"05 Jan 2023 - 13:48:37"}
{"level":"info","message":"[Info] Event script ' BotReady ' was loaded successfully.","time":"05 Jan 2023 - 13:48:37"}
{"level":"info","message":"[Info] File 'config.js' was loaded successfully.","time":"05 Jan 2023 - 13:50:20"}
{"level":"info","message":"[Info] ShibaBot is starting...","time":"05 Jan 2023 - 13:50:20"}
{"level":"warn","message":"[Warning] slashCommands folder seems to be empty!","time":"05 Jan 2023 - 13:50:20"}
{"level":"info","message":"[Info] Event script ' BotReady ' was loaded successfully.","time":"05 Jan 2023 - 13:50:20"}
{"level":"info","message":"[Info] File 'config.js' was loaded successfully.","time":"05 Jan 2023 - 13:53:30"}
{"level":"info","message":"[Info] ShibaBot is starting...","time":"05 Jan 2023 - 13:53:30"}
{"level":"warn","message":"[Warning] slashCommands folder seems to be empty!","time":"05 Jan 2023 - 13:53:30"}
{"level":"info","message":"[Info] Event script ' BotReady ' was loaded successfully.","time":"05 Jan 2023 - 13:53:30"}
{"level":"info","message":"[Info] File 'config.js' was loaded successfully.","time":"05 Jan 2023 - 13:54:29"}
{"level":"info","message":"[Info] ShibaBot is starting...","time":"05 Jan 2023 - 13:54:29"}
{"level":"warn","message":"[Warning] slashCommands folder seems to be empty!","time":"05 Jan 2023 - 13:54:29"}
{"level":"info","message":"[Info] Event script ' BotReady ' was loaded successfully.","time":"05 Jan 2023 - 13:54:29"}
{"level":"info","message":"[Info] File 'config.js' was loaded successfully.","time":"05 Jan 2023 - 13:56:39"}
{"level":"info","message":"[Info] ShibaBot is starting...","time":"05 Jan 2023 - 13:56:39"}
{"level":"warn","message":"[Warning] slashCommands folder seems to be empty!","time":"05 Jan 2023 - 13:56:39"}
{"level":"info","message":"[Info] Event script ' BotReady ' was loaded successfully.","time":"05 Jan 2023 - 13:56:39"}
{"level":"info","message":"[Info] File 'config.js' was loaded successfully.","time":"05 Jan 2023 - 13:58:12"}
{"level":"info","message":"[Info] ShibaBot is starting...","time":"05 Jan 2023 - 13:58:12"}
{"level":"warn","message":"[Warning] slashCommands folder seems to be empty!","time":"05 Jan 2023 - 13:58:12"}
{"level":"info","message":"[Info] Event script ' BotReady ' was loaded successfully.","time":"05 Jan 2023 - 13:58:12"}
{"level":"info","message":"[Info] File 'config.js' was loaded successfully.","time":"05 Jan 2023 - 14:04:26"}
{"level":"info","message":"[Info] ShibaBot is starting...","time":"05 Jan 2023 - 14:04:26"}
{"level":"warn","message":"[Warning] slashCommands folder seems to be empty!","time":"05 Jan 2023 - 14:04:26"}
{"level":"info","message":"[Info] Event script ' BotReady ' was loaded successfully.","time":"05 Jan 2023 - 14:04:26"}
{"level":"info","message":"[Info] File 'config.js' was loaded successfully.","time":"05 Jan 2023 - 14:05:36"}
{"level":"info","message":"[Info] ShibaBot is starting...","time":"05 Jan 2023 - 14:05:36"}
{"level":"warn","message":"[Warning] slashCommands folder seems to be empty!","time":"05 Jan 2023 - 14:05:36"}
{"level":"warn","message":"[Warning] Event Loaded: BotReady","time":"05 Jan 2023 - 14:05:36"}
{"level":"info","message":"[Info] File 'config.js' was loaded successfully.","time":"05 Jan 2023 - 14:10:14"}
{"level":"info","message":"[Info] ShibaBot is starting...","time":"05 Jan 2023 - 14:10:14"}
{"level":"warn","message":"[Warning] slashCommands folder seems to be empty!","time":"05 Jan 2023 - 14:10:14"}
{"level":"info","message":"[Info] Event script ' BotReady ' was loaded successfully.","time":"05 Jan 2023 - 14:10:14"}
{"level":"info","message":"[Info] File 'config.js' was loaded successfully.","time":"05 Jan 2023 - 14:11:57"}
{"level":"info","message":"[Info] ShibaBot is starting...","time":"05 Jan 2023 - 14:11:57"}
{"level":"warn","message":"[Warning] slashCommands folder seems to be empty!","time":"05 Jan 2023 - 14:11:57"}
{"level":"info","message":"[Info] Event script ' BotReady ' was loaded successfully.","time":"05 Jan 2023 - 14:11:57"}
{"level":"info","message":"[Info] File 'config.js' was loaded successfully.","time":"05 Jan 2023 - 14:12:51"}
{"level":"info","message":"[Info] ShibaBot is starting...","time":"05 Jan 2023 - 14:12:51"}
{"level":"warn","message":"[Warning] slashCommands folder seems to be empty!","time":"05 Jan 2023 - 14:12:51"}
{"level":"info","message":"[Info] Event script ' onReady ' was loaded successfully.","time":"05 Jan 2023 - 14:12:51"}
{"level":"info","message":"[Info] File 'config.js' was loaded successfully.","time":"05 Jan 2023 - 14:16:13"}
{"level":"info","message":"[Info] ShibaBot is starting...","time":"05 Jan 2023 - 14:16:13"}
{"level":"warn","message":"[Warning] slashCommands folder seems to be empty!","time":"05 Jan 2023 - 14:16:13"}
{"level":"info","message":"[Info] Event script ' onReady ' was loaded successfully.","time":"05 Jan 2023 - 14:16:13"}
{"level":"info","message":"[Info] File 'config.js' was loaded successfully.","time":"05 Jan 2023 - 14:17:21"}
{"level":"info","message":"[Info] ShibaBot is starting...","time":"05 Jan 2023 - 14:17:21"}
{"level":"warn","message":"[Warning] slashCommands folder seems to be empty!","time":"05 Jan 2023 - 14:17:21"}
{"level":"info","message":"[Info] Event script ' onReady ' was loaded successfully.","time":"05 Jan 2023 - 14:17:21"}
{"level":"info","message":"[Info] File 'config.js' was loaded successfully.","time":"05 Jan 2023 - 14:18:59"}
{"level":"info","message":"[Info] ShibaBot is starting...","time":"05 Jan 2023 - 14:18:59"}
{"level":"warn","message":"[Warning] slashCommands folder seems to be empty!","time":"05 Jan 2023 - 14:18:59"}
{"level":"info","message":"[Info] Event script ' onReady ' was loaded successfully.","time":"05 Jan 2023 - 14:18:59"}
{"level":"info","message":"[Info] File 'config.js' was loaded successfully.","time":"05 Jan 2023 - 14:24:30"}
{"level":"info","message":"[Info] ShibaBot is starting...","time":"05 Jan 2023 - 14:24:30"}
{"level":"warn","message":"[Warning] slashCommands folder seems to be empty!","time":"05 Jan 2023 - 14:24:30"}
{"level":"info","message":"[Info] Event script ' onReady ' was loaded successfully.","time":"05 Jan 2023 - 14:24:30"}
