{"level":"info","message":"[Info] Loaded new command: test.js","time":"09 Aug 2023 - 14:00:04"}
{"level":"info","message":"[Info] Loaded new command: help.js","time":"09 Aug 2023 - 14:00:04"}
{"level":"info","message":"[Info] Loaded new command: ping.js","time":"09 Aug 2023 - 14:00:04"}
{"level":"info","message":"[Info] Loaded new command: prefix.js","time":"09 Aug 2023 - 14:00:04"}
{"level":"info","message":"[Info] Loaded new command: help.js","time":"09 Aug 2023 - 14:00:04"}
{"level":"info","message":"[Info] Loaded new command: ping.js","time":"09 Aug 2023 - 14:00:04"}
{"level":"info","message":"[Info] Loaded new command: test.js","time":"09 Aug 2023 - 14:00:04"}
{"level":"warn","message":"[Warning] Unable to load the event raw.js due to missing 'name' or/and 'run' properties.","time":"09 Aug 2023 - 14:00:04"}
{"level":"info","message":"[Info] Loaded new event: ready.js","time":"09 Aug 2023 - 14:00:04"}
{"level":"info","message":"[Info] Loaded new event: interactionCreate.js","time":"09 Aug 2023 - 14:00:04"}
{"level":"info","message":"[Info] Loaded new event: messageCreate.js","time":"09 Aug 2023 - 14:00:04"}
{"level":"warn","message":"[Warning] Started connecting to MongoDB...","time":"09 Aug 2023 - 14:00:04"}
{"level":"info","message":"[Info] Started loading application commands... (this might take minutes!)","time":"09 Aug 2023 - 14:00:04"}
{"level":"info","message":"[Info] Logged in as: Shiba Development#6788","time":"09 Aug 2023 - 14:00:04"}
{"level":"info","message":"[Info] MongoDB is connected to the atlas!","time":"09 Aug 2023 - 14:00:04"}
{"level":"info","message":"[Info] Successfully loaded application commands to Discord API.","time":"09 Aug 2023 - 14:00:04"}
{"level":"info","message":"[Info] Loaded new command: test.js","time":"09 Aug 2023 - 14:02:52"}
{"level":"info","message":"[Info] Loaded new command: help.js","time":"09 Aug 2023 - 14:02:52"}
{"level":"info","message":"[Info] Loaded new command: ping.js","time":"09 Aug 2023 - 14:02:52"}
{"level":"info","message":"[Info] Loaded new command: prefix.js","time":"09 Aug 2023 - 14:02:52"}
{"level":"info","message":"[Info] Loaded new command: help.js","time":"09 Aug 2023 - 14:02:52"}
{"level":"info","message":"[Info] Loaded new command: ping.js","time":"09 Aug 2023 - 14:02:52"}
{"level":"info","message":"[Info] Loaded new command: test.js","time":"09 Aug 2023 - 14:02:52"}
{"level":"warn","message":"[Warning] Unable to load the event raw.js due to missing 'name' or/and 'run' properties.","time":"09 Aug 2023 - 14:02:52"}
{"level":"info","message":"[Info] Loaded new event: ready.js","time":"09 Aug 2023 - 14:02:52"}
{"level":"info","message":"[Info] Loaded new event: interactionCreate.js","time":"09 Aug 2023 - 14:02:52"}
{"level":"info","message":"[Info] Loaded new event: messageCreate.js","time":"09 Aug 2023 - 14:02:52"}
{"level":"warn","message":"[Warning] Started connecting to MongoDB...","time":"09 Aug 2023 - 14:02:52"}
{"level":"info","message":"[Info] Started loading application commands... (this might take minutes!)","time":"09 Aug 2023 - 14:02:52"}
{"level":"info","message":"[Info] Logged in as: Shiba Development#6788","time":"09 Aug 2023 - 14:02:52"}
{"level":"info","message":"[Info] MongoDB is connected to the atlas!","time":"09 Aug 2023 - 14:02:52"}
{"level":"info","message":"[Info] Successfully loaded application commands to Discord API.","time":"09 Aug 2023 - 14:02:52"}
{"level":"info","message":"[Info] Loaded new command: help.js","time":"09 Aug 2023 - 14:08:47"}
{"level":"info","message":"[Info] Loaded new command: ping.js","time":"09 Aug 2023 - 14:08:47"}
{"level":"info","message":"[Info] Loaded new command: help.js","time":"09 Aug 2023 - 14:08:47"}
{"level":"info","message":"[Info] Loaded new command: ping.js","time":"09 Aug 2023 - 14:08:47"}
{"level":"info","message":"[Info] Loaded new event: raw.js","time":"09 Aug 2023 - 14:08:47"}
{"level":"info","message":"[Info] Loaded new event: ready.js","time":"09 Aug 2023 - 14:08:47"}
{"level":"info","message":"[Info] Loaded new event: interactionCreate.js","time":"09 Aug 2023 - 14:08:47"}
{"level":"info","message":"[Info] Loaded new event: messageCreate.js","time":"09 Aug 2023 - 14:08:47"}
{"level":"warn","message":"[Warning] Started connecting to MongoDB...","time":"09 Aug 2023 - 14:08:47"}
{"level":"info","message":"[Info] Started loading application commands... (this might take minutes!)","time":"09 Aug 2023 - 14:08:47"}
{"level":"warn","message":"[Warning] Unable to load application commands to Discord API.","time":"09 Aug 2023 - 14:08:47"}
{"level":"info","message":"[Info] MongoDB is connected to the atlas!","time":"09 Aug 2023 - 14:08:47"}
{"level":"info","message":"[Info] Loaded new command: help.js","time":"09 Aug 2023 - 14:09:07"}
{"level":"info","message":"[Info] Loaded new command: ping.js","time":"09 Aug 2023 - 14:09:07"}
{"level":"info","message":"[Info] Loaded new command: help.js","time":"09 Aug 2023 - 14:09:07"}
{"level":"info","message":"[Info] Loaded new command: ping.js","time":"09 Aug 2023 - 14:09:07"}
{"level":"info","message":"[Info] Loaded new event: raw.js","time":"09 Aug 2023 - 14:09:07"}
{"level":"info","message":"[Info] Loaded new event: ready.js","time":"09 Aug 2023 - 14:09:07"}
{"level":"info","message":"[Info] Loaded new event: interactionCreate.js","time":"09 Aug 2023 - 14:09:07"}
{"level":"info","message":"[Info] Loaded new event: messageCreate.js","time":"09 Aug 2023 - 14:09:07"}
{"level":"warn","message":"[Warning] Started connecting to MongoDB...","time":"09 Aug 2023 - 14:09:07"}
{"level":"info","message":"[Info] Started loading application commands... (this might take minutes!)","time":"09 Aug 2023 - 14:09:07"}
{"level":"info","message":"[Info] Logged in as: Shiba Development#6788","time":"09 Aug 2023 - 14:09:07"}
{"level":"info","message":"[Info] MongoDB is connected to the atlas!","time":"09 Aug 2023 - 14:09:07"}
{"level":"warn","message":"[Warning] Unable to load application commands to Discord API.","time":"09 Aug 2023 - 14:09:07"}
{"level":"info","message":"[Info] Loaded new command: help.js","time":"09 Aug 2023 - 14:14:14"}
{"level":"info","message":"[Info] Loaded new command: ping.js","time":"09 Aug 2023 - 14:14:14"}
{"level":"info","message":"[Info] Loaded new event: raw.js","time":"09 Aug 2023 - 14:14:14"}
{"level":"info","message":"[Info] Loaded new event: ready.js","time":"09 Aug 2023 - 14:14:14"}
{"level":"info","message":"[Info] Loaded new event: interactionCreate.js","time":"09 Aug 2023 - 14:14:14"}
{"level":"info","message":"[Info] Loaded new event: messageCreate.js","time":"09 Aug 2023 - 14:14:14"}
{"level":"warn","message":"[Warning] Started connecting to MongoDB...","time":"09 Aug 2023 - 14:14:14"}
{"level":"info","message":"[Info] Started loading application commands... (this might take minutes!)","time":"09 Aug 2023 - 14:14:14"}
{"level":"info","message":"[Info] Logged in as: Shiba Development#6788","time":"09 Aug 2023 - 14:14:14"}
{"level":"info","message":"[Info] MongoDB is connected to the atlas!","time":"09 Aug 2023 - 14:14:14"}
{"level":"info","message":"[Info] Successfully loaded application commands to Discord API.","time":"09 Aug 2023 - 14:14:14"}
{"level":"info","message":"[Info] Loaded new command: help.js","time":"09 Aug 2023 - 14:19:55"}
{"level":"info","message":"[Info] Loaded new command: ping.js","time":"09 Aug 2023 - 14:19:55"}
{"level":"info","message":"[Info] Loaded new command: prefix.js","time":"09 Aug 2023 - 14:19:55"}
{"level":"info","message":"[Info] Loaded new command: help.js","time":"09 Aug 2023 - 14:19:55"}
{"level":"info","message":"[Info] Loaded new command: ping.js","time":"09 Aug 2023 - 14:19:55"}
{"level":"info","message":"[Info] Loaded new event: raw.js","time":"09 Aug 2023 - 14:19:55"}
{"level":"info","message":"[Info] Loaded new event: ready.js","time":"09 Aug 2023 - 14:19:55"}
{"level":"info","message":"[Info] Loaded new event: interactionCreate.js","time":"09 Aug 2023 - 14:19:55"}
{"level":"info","message":"[Info] Loaded new event: messageCreate.js","time":"09 Aug 2023 - 14:19:55"}
{"level":"warn","message":"[Warning] Started connecting to MongoDB...","time":"09 Aug 2023 - 14:19:55"}
{"level":"info","message":"[Info] Started loading application commands... (this might take minutes!)","time":"09 Aug 2023 - 14:19:55"}
{"level":"info","message":"[Info] Logged in as: Shiba Development#6788","time":"09 Aug 2023 - 14:19:55"}
{"level":"info","message":"[Info] MongoDB is connected to the atlas!","time":"09 Aug 2023 - 14:19:55"}
{"level":"info","message":"[Info] Successfully loaded application commands to Discord API.","time":"09 Aug 2023 - 14:19:55"}
{"level":"info","message":"[Info] Loaded new command: help.js","time":"09 Aug 2023 - 14:21:22"}
{"level":"info","message":"[Info] Loaded new command: ping.js","time":"09 Aug 2023 - 14:21:22"}
{"level":"info","message":"[Info] Loaded new command: prefix.js","time":"09 Aug 2023 - 14:21:22"}
{"level":"info","message":"[Info] Loaded new command: help.js","time":"09 Aug 2023 - 14:21:22"}
{"level":"info","message":"[Info] Loaded new command: ping.js","time":"09 Aug 2023 - 14:21:22"}
{"level":"info","message":"[Info] Loaded new event: raw.js","time":"09 Aug 2023 - 14:21:22"}
{"level":"info","message":"[Info] Loaded new event: ready.js","time":"09 Aug 2023 - 14:21:22"}
{"level":"info","message":"[Info] Loaded new event: interactionCreate.js","time":"09 Aug 2023 - 14:21:22"}
{"level":"info","message":"[Info] Loaded new event: messageCreate.js","time":"09 Aug 2023 - 14:21:22"}
{"level":"warn","message":"[Warning] Started connecting to MongoDB...","time":"09 Aug 2023 - 14:21:22"}
{"level":"info","message":"[Info] Started loading application commands... (this might take minutes!)","time":"09 Aug 2023 - 14:21:22"}
{"level":"info","message":"[Info] Logged in as: Shiba Development#6788","time":"09 Aug 2023 - 14:21:22"}
{"level":"info","message":"[Info] MongoDB is connected to the atlas!","time":"09 Aug 2023 - 14:21:22"}
{"level":"info","message":"[Info] Successfully loaded application commands to Discord API.","time":"09 Aug 2023 - 14:21:22"}
{"level":"info","message":"[Info] Loaded new command: help.js","time":"09 Aug 2023 - 14:24:38"}
{"level":"info","message":"[Info] Loaded new command: ping.js","time":"09 Aug 2023 - 14:24:38"}
{"level":"info","message":"[Info] Loaded new command: prefix.js","time":"09 Aug 2023 - 14:24:38"}
{"level":"info","message":"[Info] Loaded new command: help.js","time":"09 Aug 2023 - 14:24:38"}
{"level":"info","message":"[Info] Loaded new command: ping.js","time":"09 Aug 2023 - 14:24:38"}
{"level":"info","message":"[Info] Loaded new event: raw.js","time":"09 Aug 2023 - 14:24:38"}
{"level":"info","message":"[Info] Loaded new event: ready.js","time":"09 Aug 2023 - 14:24:38"}
{"level":"info","message":"[Info] Loaded new event: interactionCreate.js","time":"09 Aug 2023 - 14:24:38"}
{"level":"info","message":"[Info] Loaded new event: messageCreate.js","time":"09 Aug 2023 - 14:24:38"}
{"level":"warn","message":"[Warning] Started connecting to MongoDB...","time":"09 Aug 2023 - 14:24:38"}
{"level":"info","message":"[Info] Started loading application commands... (this might take minutes!)","time":"09 Aug 2023 - 14:24:38"}
{"level":"info","message":"[Info] Logged in as: Shiba Development#6788","time":"09 Aug 2023 - 14:24:38"}
{"level":"info","message":"[Info] MongoDB is connected to the atlas!","time":"09 Aug 2023 - 14:24:38"}
{"level":"info","message":"[Info] Successfully loaded application commands to Discord API.","time":"09 Aug 2023 - 14:24:38"}
{"level":"info","message":"[Info] Loaded new command: help.js","time":"09 Aug 2023 - 14:25:49"}
{"level":"info","message":"[Info] Loaded new command: ping.js","time":"09 Aug 2023 - 14:25:49"}
{"level":"info","message":"[Info] Loaded new command: prefix.js","time":"09 Aug 2023 - 14:25:49"}
{"level":"info","message":"[Info] Loaded new command: help.js","time":"09 Aug 2023 - 14:25:49"}
{"level":"info","message":"[Info] Loaded new command: ping.js","time":"09 Aug 2023 - 14:25:49"}
{"level":"info","message":"[Info] Loaded new event: raw.js","time":"09 Aug 2023 - 14:25:49"}
{"level":"info","message":"[Info] Loaded new event: ready.js","time":"09 Aug 2023 - 14:25:49"}
{"level":"info","message":"[Info] Loaded new event: interactionCreate.js","time":"09 Aug 2023 - 14:25:49"}
{"level":"info","message":"[Info] Loaded new event: messageCreate.js","time":"09 Aug 2023 - 14:25:49"}
{"level":"warn","message":"[Warning] Started connecting to MongoDB...","time":"09 Aug 2023 - 14:25:49"}
{"level":"info","message":"[Info] Started loading application commands... (this might take minutes!)","time":"09 Aug 2023 - 14:25:49"}
{"level":"info","message":"[Info] Logged in as: Shiba Development#6788","time":"09 Aug 2023 - 14:25:49"}
{"level":"info","message":"[Info] MongoDB is connected to the atlas!","time":"09 Aug 2023 - 14:25:49"}
{"level":"info","message":"[Info] Successfully loaded application commands to Discord API.","time":"09 Aug 2023 - 14:25:49"}
{"level":"info","message":"[Info] Loaded new command: help.js","time":"09 Aug 2023 - 15:47:12"}
{"level":"info","message":"[Info] Loaded new command: ping.js","time":"09 Aug 2023 - 15:47:12"}
{"level":"info","message":"[Info] Loaded new command: prefix.js","time":"09 Aug 2023 - 15:47:12"}
{"level":"info","message":"[Info] Loaded new command: help.js","time":"09 Aug 2023 - 15:47:12"}
{"level":"info","message":"[Info] Loaded new command: ping.js","time":"09 Aug 2023 - 15:47:12"}
{"level":"info","message":"[Info] Loaded new event: raw.js","time":"09 Aug 2023 - 15:47:12"}
{"level":"info","message":"[Info] Loaded new event: ready.js","time":"09 Aug 2023 - 15:47:12"}
{"level":"info","message":"[Info] Loaded new event: interactionCreate.js","time":"09 Aug 2023 - 15:47:12"}
{"level":"info","message":"[Info] Loaded new event: messageCreate.js","time":"09 Aug 2023 - 15:47:12"}
{"level":"warn","message":"[Warning] Started connecting to MongoDB...","time":"09 Aug 2023 - 15:47:12"}
{"level":"info","message":"[Info] Started loading application commands... (this might take minutes!)","time":"09 Aug 2023 - 15:47:12"}
{"level":"info","message":"[Info] Logged in as: Shiba Development#6788","time":"09 Aug 2023 - 15:47:12"}
{"level":"info","message":"[Info] Successfully loaded application commands to Discord API.","time":"09 Aug 2023 - 15:47:12"}
{"level":"info","message":"[Info] MongoDB is connected to the atlas!","time":"09 Aug 2023 - 15:47:12"}
{"level":"info","message":"[Info] Loaded new command: help.js","time":"09 Aug 2023 - 15:49:45"}
{"level":"info","message":"[Info] Loaded new command: ping.js","time":"09 Aug 2023 - 15:49:45"}
{"level":"info","message":"[Info] Loaded new command: prefix.js","time":"09 Aug 2023 - 15:49:45"}
{"level":"info","message":"[Info] Loaded new command: help.js","time":"09 Aug 2023 - 15:49:45"}
{"level":"info","message":"[Info] Loaded new command: ping.js","time":"09 Aug 2023 - 15:49:45"}
{"level":"info","message":"[Info] Loaded new event: raw.js","time":"09 Aug 2023 - 15:49:45"}
{"level":"info","message":"[Info] Loaded new event: ready.js","time":"09 Aug 2023 - 15:49:45"}
{"level":"info","message":"[Info] Loaded new event: interactionCreate.js","time":"09 Aug 2023 - 15:49:45"}
{"level":"info","message":"[Info] Loaded new event: messageCreate.js","time":"09 Aug 2023 - 15:49:45"}
{"level":"warn","message":"[Warning] Started connecting to MongoDB...","time":"09 Aug 2023 - 15:49:45"}
{"level":"info","message":"[Info] Started loading application commands... (this might take minutes!)","time":"09 Aug 2023 - 15:49:45"}
{"level":"info","message":"[Info] Logged in as: Shiba Development#6788","time":"09 Aug 2023 - 15:49:45"}
{"level":"info","message":"[Info] MongoDB is connected to the atlas!","time":"09 Aug 2023 - 15:49:45"}
{"level":"info","message":"[Info] Successfully loaded application commands to Discord API.","time":"09 Aug 2023 - 15:49:45"}
{"level":"info","message":"[Info] Loaded new command: help.js","time":"09 Aug 2023 - 15:58:06"}
{"level":"info","message":"[Info] Loaded new command: ping.js","time":"09 Aug 2023 - 15:58:06"}
{"level":"info","message":"[Info] Loaded new command: prefix.js","time":"09 Aug 2023 - 15:58:06"}
{"level":"info","message":"[Info] Loaded new command: help.js","time":"09 Aug 2023 - 15:58:06"}
{"level":"info","message":"[Info] Loaded new command: ping.js","time":"09 Aug 2023 - 15:58:06"}
{"level":"info","message":"[Info] Loaded new event: raw.js","time":"09 Aug 2023 - 15:58:06"}
{"level":"info","message":"[Info] Loaded new event: ready.js","time":"09 Aug 2023 - 15:58:06"}
{"level":"info","message":"[Info] Loaded new event: interactionCreate.js","time":"09 Aug 2023 - 15:58:06"}
{"level":"info","message":"[Info] Logged in as: Shiba Development#6788","time":"09 Aug 2023 - 15:58:06"}
{"level":"info","message":"[Info] Loaded new command: help.js","time":"09 Aug 2023 - 15:58:17"}
{"level":"info","message":"[Info] Loaded new command: ping.js","time":"09 Aug 2023 - 15:58:17"}
{"level":"info","message":"[Info] Loaded new command: prefix.js","time":"09 Aug 2023 - 15:58:17"}
{"level":"info","message":"[Info] Loaded new command: help.js","time":"09 Aug 2023 - 15:58:17"}
{"level":"info","message":"[Info] Loaded new command: ping.js","time":"09 Aug 2023 - 15:58:17"}
{"level":"info","message":"[Info] Loaded new event: raw.js","time":"09 Aug 2023 - 15:58:17"}
{"level":"info","message":"[Info] Loaded new event: ready.js","time":"09 Aug 2023 - 15:58:17"}
{"level":"info","message":"[Info] Loaded new event: interactionCreate.js","time":"09 Aug 2023 - 15:58:17"}
{"level":"info","message":"[Info] Loaded new event: messageCreate.js","time":"09 Aug 2023 - 15:58:17"}
{"level":"warn","message":"[Warning] Started connecting to MongoDB...","time":"09 Aug 2023 - 15:58:17"}
{"level":"info","message":"[Info] Started loading application commands... (this might take minutes!)","time":"09 Aug 2023 - 15:58:17"}
{"level":"info","message":"[Info] Logged in as: Shiba Development#6788","time":"09 Aug 2023 - 15:58:17"}
{"level":"info","message":"[Info] MongoDB is connected to the atlas!","time":"09 Aug 2023 - 15:58:17"}
{"level":"info","message":"[Info] Successfully loaded application commands to Discord API.","time":"09 Aug 2023 - 15:58:17"}
{"level":"info","message":"[Info] Loaded new command: help.js","time":"09 Aug 2023 - 18:53:13"}
{"level":"info","message":"[Info] Loaded new command: ping.js","time":"09 Aug 2023 - 18:53:13"}
{"level":"info","message":"[Info] Loaded new command: prefix.js","time":"09 Aug 2023 - 18:53:13"}
{"level":"info","message":"[Info] Loaded new command: help.js","time":"09 Aug 2023 - 18:53:13"}
{"level":"info","message":"[Info] Loaded new command: ping.js","time":"09 Aug 2023 - 18:53:13"}
{"level":"info","message":"[Info] Loaded new event: raw.js","time":"09 Aug 2023 - 18:53:13"}
{"level":"info","message":"[Info] Loaded new event: ready.js","time":"09 Aug 2023 - 18:53:13"}
{"level":"info","message":"[Info] Loaded new event: interactionCreate.js","time":"09 Aug 2023 - 18:53:13"}
{"level":"info","message":"[Info] Loaded new event: messageCreate.js","time":"09 Aug 2023 - 18:53:13"}
{"level":"info","message":"[Info] Loaded new command: help.js","time":"09 Aug 2023 - 18:53:47"}
{"level":"info","message":"[Info] Loaded new command: ping.js","time":"09 Aug 2023 - 18:53:47"}
{"level":"info","message":"[Info] Loaded new command: prefix.js","time":"09 Aug 2023 - 18:53:47"}
{"level":"info","message":"[Info] Loaded new command: help.js","time":"09 Aug 2023 - 18:53:47"}
{"level":"info","message":"[Info] Loaded new command: ping.js","time":"09 Aug 2023 - 18:53:47"}
{"level":"info","message":"[Info] Loaded new event: raw.js","time":"09 Aug 2023 - 18:53:47"}
{"level":"info","message":"[Info] Loaded new event: ready.js","time":"09 Aug 2023 - 18:53:47"}
{"level":"info","message":"[Info] Loaded new event: interactionCreate.js","time":"09 Aug 2023 - 18:53:47"}
{"level":"info","message":"[Info] Loaded new event: messageCreate.js","time":"09 Aug 2023 - 18:53:47"}
{"level":"info","message":"[Info] Started loading application commands... (this might take minutes!)","time":"09 Aug 2023 - 18:53:47"}
{"level":"info","message":"[Info] Logged in as: Shiba Development#6788","time":"09 Aug 2023 - 18:53:47"}
{"level":"info","message":"[Info] Successfully loaded application commands to Discord API.","time":"09 Aug 2023 - 18:53:47"}
{"level":"info","message":"[Info] Loaded new command: help.js","time":"09 Aug 2023 - 18:54:07"}
{"level":"info","message":"[Info] Loaded new command: ping.js","time":"09 Aug 2023 - 18:54:07"}
{"level":"info","message":"[Info] Loaded new command: prefix.js","time":"09 Aug 2023 - 18:54:07"}
{"level":"info","message":"[Info] Loaded new command: help.js","time":"09 Aug 2023 - 18:54:07"}
{"level":"info","message":"[Info] Loaded new command: ping.js","time":"09 Aug 2023 - 18:54:07"}
{"level":"info","message":"[Info] Loaded new event: raw.js","time":"09 Aug 2023 - 18:54:07"}
{"level":"info","message":"[Info] Loaded new event: ready.js","time":"09 Aug 2023 - 18:54:07"}
{"level":"info","message":"[Info] Loaded new event: interactionCreate.js","time":"09 Aug 2023 - 18:54:07"}
{"level":"info","message":"[Info] Loaded new event: messageCreate.js","time":"09 Aug 2023 - 18:54:07"}
{"level":"info","message":"[Info] Started loading application commands... (this might take minutes!)","time":"09 Aug 2023 - 18:54:07"}
{"level":"info","message":"[Info] Logged in as: Shiba Development#6788","time":"09 Aug 2023 - 18:54:07"}
{"level":"info","message":"[Info] Successfully loaded application commands to Discord API.","time":"09 Aug 2023 - 18:54:07"}
{"level":"info","message":"[Info] Loaded new command: help.js","time":"09 Aug 2023 - 18:54:20"}
{"level":"info","message":"[Info] Loaded new command: ping.js","time":"09 Aug 2023 - 18:54:20"}
{"level":"info","message":"[Info] Loaded new command: prefix.js","time":"09 Aug 2023 - 18:54:20"}
{"level":"info","message":"[Info] Loaded new command: help.js","time":"09 Aug 2023 - 18:54:20"}
{"level":"info","message":"[Info] Loaded new command: ping.js","time":"09 Aug 2023 - 18:54:20"}
{"level":"info","message":"[Info] Loaded new event: raw.js","time":"09 Aug 2023 - 18:54:20"}
{"level":"info","message":"[Info] Loaded new event: ready.js","time":"09 Aug 2023 - 18:54:20"}
{"level":"info","message":"[Info] Loaded new event: interactionCreate.js","time":"09 Aug 2023 - 18:54:20"}
{"level":"info","message":"[Info] Loaded new event: messageCreate.js","time":"09 Aug 2023 - 18:54:20"}
{"level":"warn","message":"[Warning] Started connecting to MongoDB...","time":"09 Aug 2023 - 18:54:20"}
{"level":"info","message":"[Info] Started loading application commands... (this might take minutes!)","time":"09 Aug 2023 - 18:54:20"}
{"level":"info","message":"[Info] Logged in as: Shiba Development#6788","time":"09 Aug 2023 - 18:54:20"}
{"level":"info","message":"[Info] Successfully loaded application commands to Discord API.","time":"09 Aug 2023 - 18:54:20"}
{"level":"info","message":"[Info] Loaded new command: help.js","time":"09 Aug 2023 - 18:54:32"}
{"level":"info","message":"[Info] Loaded new command: ping.js","time":"09 Aug 2023 - 18:54:32"}
{"level":"info","message":"[Info] Loaded new command: prefix.js","time":"09 Aug 2023 - 18:54:32"}
{"level":"info","message":"[Info] Loaded new command: help.js","time":"09 Aug 2023 - 18:54:32"}
{"level":"info","message":"[Info] Loaded new command: ping.js","time":"09 Aug 2023 - 18:54:32"}
{"level":"info","message":"[Info] Loaded new event: raw.js","time":"09 Aug 2023 - 18:54:32"}
{"level":"info","message":"[Info] Loaded new event: ready.js","time":"09 Aug 2023 - 18:54:32"}
{"level":"info","message":"[Info] Loaded new event: interactionCreate.js","time":"09 Aug 2023 - 18:54:32"}
{"level":"info","message":"[Info] Loaded new event: messageCreate.js","time":"09 Aug 2023 - 18:54:32"}
{"level":"warn","message":"[Warning] Started connecting to MongoDB...","time":"09 Aug 2023 - 18:54:32"}
{"level":"info","message":"[Info] MongoDB is connected to the atlas!","time":"09 Aug 2023 - 18:54:32"}
{"level":"info","message":"[Info] Started loading application commands... (this might take minutes!)","time":"09 Aug 2023 - 18:54:32"}
{"level":"info","message":"[Info] Logged in as: Shiba Development#6788","time":"09 Aug 2023 - 18:54:32"}
{"level":"info","message":"[Info] Loaded new command: help.js","time":"09 Aug 2023 - 19:10:00"}
{"level":"info","message":"[Info] Loaded new command: ping.js","time":"09 Aug 2023 - 19:10:00"}
{"level":"info","message":"[Info] Loaded new command: prefix.js","time":"09 Aug 2023 - 19:10:00"}
{"level":"info","message":"[Info] Loaded new command: help.js","time":"09 Aug 2023 - 19:10:00"}
{"level":"info","message":"[Info] Loaded new command: ping.js","time":"09 Aug 2023 - 19:10:00"}
{"level":"info","message":"[Info] Loaded new event: raw.js","time":"09 Aug 2023 - 19:10:00"}
{"level":"info","message":"[Info] Loaded new event: ready.js","time":"09 Aug 2023 - 19:10:00"}
{"level":"info","message":"[Info] Loaded new event: interactionCreate.js","time":"09 Aug 2023 - 19:10:00"}
{"level":"info","message":"[Info] Loaded new event: messageCreate.js","time":"09 Aug 2023 - 19:10:00"}
{"level":"warn","message":"[Warning] Started connecting to MongoDB...","time":"09 Aug 2023 - 19:10:00"}
{"level":"info","message":"[Info] MongoDB is connected to the atlas!","time":"09 Aug 2023 - 19:10:00"}
{"level":"info","message":"[Info] Started loading application commands... (this might take minutes!)","time":"09 Aug 2023 - 19:10:00"}
{"level":"info","message":"[Info] Logged in as: Shiba Development#6788","time":"09 Aug 2023 - 19:10:00"}
{"level":"info","message":"[Info] Successfully loaded application commands to Discord API.","time":"09 Aug 2023 - 19:10:00"}
{"level":"info","message":"[Info] Loaded new command: help.js","time":"09 Aug 2023 - 19:11:04"}
{"level":"info","message":"[Info] Loaded new command: ping.js","time":"09 Aug 2023 - 19:11:04"}
{"level":"info","message":"[Info] Loaded new event: raw.js","time":"09 Aug 2023 - 19:11:04"}
{"level":"info","message":"[Info] Loaded new event: ready.js","time":"09 Aug 2023 - 19:11:04"}
{"level":"info","message":"[Info] Loaded new event: interactionCreate.js","time":"09 Aug 2023 - 19:11:04"}
{"level":"info","message":"[Info] Loaded new event: messageCreate.js","time":"09 Aug 2023 - 19:11:04"}
{"level":"warn","message":"[Warning] Started connecting to MongoDB...","time":"09 Aug 2023 - 19:11:04"}
{"level":"info","message":"[Info] MongoDB is connected to the atlas!","time":"09 Aug 2023 - 19:11:04"}
{"level":"info","message":"[Info] Started loading application commands... (this might take minutes!)","time":"09 Aug 2023 - 19:11:04"}
{"level":"info","message":"[Info] Logged in as: Shiba Development#6788","time":"09 Aug 2023 - 19:11:04"}
{"level":"info","message":"[Info] Successfully loaded application commands to Discord API.","time":"09 Aug 2023 - 19:11:04"}
{"level":"info","message":"[Info] Loaded new command: help.js","time":"09 Aug 2023 - 19:14:41"}
{"level":"info","message":"[Info] Loaded new command: ping.js","time":"09 Aug 2023 - 19:14:41"}
{"level":"info","message":"[Info] Loaded new event: raw.js","time":"09 Aug 2023 - 19:14:41"}
{"level":"info","message":"[Info] Loaded new event: ready.js","time":"09 Aug 2023 - 19:14:41"}
{"level":"info","message":"[Info] Loaded new event: interactionCreate.js","time":"09 Aug 2023 - 19:14:41"}
{"level":"info","message":"[Info] Loaded new event: messageCreate.js","time":"09 Aug 2023 - 19:14:41"}
{"level":"info","message":"[Info] Started loading application commands... (this might take minutes!)","time":"09 Aug 2023 - 19:14:41"}
{"level":"info","message":"[Info] Logged in as: Shiba Development#6788","time":"09 Aug 2023 - 19:14:41"}
{"level":"info","message":"[Info] Successfully loaded application commands to Discord API.","time":"09 Aug 2023 - 19:14:41"}
{"level":"info","message":"[Info] Loaded new command: help.js","time":"09 Aug 2023 - 19:15:49"}
{"level":"info","message":"[Info] Loaded new command: ping.js","time":"09 Aug 2023 - 19:15:49"}
{"level":"info","message":"[Info] Loaded new event: raw.js","time":"09 Aug 2023 - 19:15:49"}
{"level":"info","message":"[Info] Loaded new event: ready.js","time":"09 Aug 2023 - 19:15:49"}
{"level":"info","message":"[Info] Loaded new event: interactionCreate.js","time":"09 Aug 2023 - 19:15:49"}
{"level":"info","message":"[Info] Loaded new event: messageCreate.js","time":"09 Aug 2023 - 19:15:49"}
{"level":"info","message":"[Info] Started loading application commands... (this might take minutes!)","time":"09 Aug 2023 - 19:15:49"}
{"level":"info","message":"[Info] Logged in as: Shiba Development#6788","time":"09 Aug 2023 - 19:15:49"}
{"level":"info","message":"[Info] Successfully loaded application commands to Discord API.","time":"09 Aug 2023 - 19:15:49"}
{"level":"info","message":"[Info] Loaded new command: help.js","time":"09 Aug 2023 - 19:16:36"}
{"level":"info","message":"[Info] Loaded new command: ping.js","time":"09 Aug 2023 - 19:16:36"}
{"level":"info","message":"[Info] Loaded new event: raw.js","time":"09 Aug 2023 - 19:16:36"}
{"level":"info","message":"[Info] Loaded new event: ready.js","time":"09 Aug 2023 - 19:16:36"}
{"level":"info","message":"[Info] Loaded new event: interactionCreate.js","time":"09 Aug 2023 - 19:16:36"}
{"level":"info","message":"[Info] Loaded new event: messageCreate.js","time":"09 Aug 2023 - 19:16:36"}
{"level":"info","message":"[Info] Started loading application commands... (this might take minutes!)","time":"09 Aug 2023 - 19:16:36"}
{"level":"info","message":"[Info] Logged in as: Shiba Development#6788","time":"09 Aug 2023 - 19:16:36"}
{"level":"info","message":"[Info] Successfully loaded application commands to Discord API.","time":"09 Aug 2023 - 19:16:36"}
{"level":"info","message":"[Info] Loaded new command: help.js","time":"09 Aug 2023 - 19:17:22"}
{"level":"info","message":"[Info] Loaded new command: ping.js","time":"09 Aug 2023 - 19:17:22"}
{"level":"info","message":"[Info] Loaded new event: raw.js","time":"09 Aug 2023 - 19:17:22"}
{"level":"info","message":"[Info] Loaded new event: ready.js","time":"09 Aug 2023 - 19:17:22"}
{"level":"info","message":"[Info] Loaded new event: interactionCreate.js","time":"09 Aug 2023 - 19:17:22"}
{"level":"info","message":"[Info] Loaded new event: messageCreate.js","time":"09 Aug 2023 - 19:17:22"}
{"level":"warn","message":"[Warning] Started connecting to MongoDB...","time":"09 Aug 2023 - 19:17:22"}
{"level":"info","message":"[Info] MongoDB is connected to the atlas!","time":"09 Aug 2023 - 19:17:22"}
{"level":"info","message":"[Info] Started loading application commands... (this might take minutes!)","time":"09 Aug 2023 - 19:17:22"}
{"level":"info","message":"[Info] Logged in as: Shiba Development#6788","time":"09 Aug 2023 - 19:17:22"}
{"level":"info","message":"[Info] Successfully loaded application commands to Discord API.","time":"09 Aug 2023 - 19:17:22"}
{"level":"info","message":"[Info] Loaded new command: help.js","time":"09 Aug 2023 - 19:17:40"}
{"level":"info","message":"[Info] Loaded new command: ping.js","time":"09 Aug 2023 - 19:17:40"}
{"level":"info","message":"[Info] Loaded new event: raw.js","time":"09 Aug 2023 - 19:17:40"}
{"level":"info","message":"[Info] Loaded new event: ready.js","time":"09 Aug 2023 - 19:17:40"}
{"level":"info","message":"[Info] Loaded new event: interactionCreate.js","time":"09 Aug 2023 - 19:17:40"}
{"level":"info","message":"[Info] Loaded new event: messageCreate.js","time":"09 Aug 2023 - 19:17:40"}
{"level":"info","message":"[Info] Started loading application commands... (this might take minutes!)","time":"09 Aug 2023 - 19:17:40"}
{"level":"info","message":"[Info] Logged in as: Shiba Development#6788","time":"09 Aug 2023 - 19:17:40"}
{"level":"info","message":"[Info] Successfully loaded application commands to Discord API.","time":"09 Aug 2023 - 19:17:40"}
{"level":"info","message":"[Info] Loaded new command: help.js","time":"09 Aug 2023 - 19:17:57"}
{"level":"info","message":"[Info] Loaded new command: ping.js","time":"09 Aug 2023 - 19:17:57"}
{"level":"info","message":"[Info] Loaded new event: raw.js","time":"09 Aug 2023 - 19:17:57"}
{"level":"info","message":"[Info] Loaded new event: ready.js","time":"09 Aug 2023 - 19:17:57"}
{"level":"info","message":"[Info] Loaded new event: interactionCreate.js","time":"09 Aug 2023 - 19:17:57"}
{"level":"info","message":"[Info] Loaded new event: messageCreate.js","time":"09 Aug 2023 - 19:17:57"}
{"level":"info","message":"[Info] Started loading application commands... (this might take minutes!)","time":"09 Aug 2023 - 19:17:57"}
{"level":"info","message":"[Info] Logged in as: Shiba Development#6788","time":"09 Aug 2023 - 19:17:57"}
{"level":"info","message":"[Info] Successfully loaded application commands to Discord API.","time":"09 Aug 2023 - 19:17:57"}
{"level":"info","message":"[Info] Loaded new command: help.js","time":"09 Aug 2023 - 19:18:45"}
{"level":"info","message":"[Info] Loaded new command: ping.js","time":"09 Aug 2023 - 19:18:45"}
{"level":"info","message":"[Info] Loaded new event: raw.js","time":"09 Aug 2023 - 19:18:45"}
{"level":"info","message":"[Info] Loaded new event: ready.js","time":"09 Aug 2023 - 19:18:45"}
{"level":"info","message":"[Info] Loaded new event: interactionCreate.js","time":"09 Aug 2023 - 19:18:45"}
{"level":"info","message":"[Info] Loaded new event: messageCreate.js","time":"09 Aug 2023 - 19:18:45"}
{"level":"info","message":"[Info] Started loading application commands... (this might take minutes!)","time":"09 Aug 2023 - 19:18:45"}
{"level":"info","message":"[Info] Logged in as: Shiba Development#6788","time":"09 Aug 2023 - 19:18:45"}
{"level":"info","message":"[Info] Successfully loaded application commands to Discord API.","time":"09 Aug 2023 - 19:18:45"}
{"level":"info","message":"[Info] Loaded new command: help.js","time":"09 Aug 2023 - 19:19:19"}
{"level":"info","message":"[Info] Loaded new command: ping.js","time":"09 Aug 2023 - 19:19:19"}
{"level":"info","message":"[Info] Loaded new event: raw.js","time":"09 Aug 2023 - 19:19:19"}
{"level":"info","message":"[Info] Loaded new event: ready.js","time":"09 Aug 2023 - 19:19:19"}
{"level":"info","message":"[Info] Loaded new event: interactionCreate.js","time":"09 Aug 2023 - 19:19:19"}
{"level":"info","message":"[Info] Loaded new event: messageCreate.js","time":"09 Aug 2023 - 19:19:19"}
{"level":"warn","message":"[Warning] MongoDB has been disabled in the config file!","time":"09 Aug 2023 - 19:19:19"}
{"level":"info","message":"[Info] Started loading application commands... (this might take minutes!)","time":"09 Aug 2023 - 19:19:19"}
{"level":"info","message":"[Info] Logged in as: Shiba Development#6788","time":"09 Aug 2023 - 19:19:19"}
{"level":"info","message":"[Info] Successfully loaded application commands to Discord API.","time":"09 Aug 2023 - 19:19:19"}
{"level":"info","message":"[Info] Loaded new command: help.js","time":"09 Aug 2023 - 19:19:39"}
{"level":"info","message":"[Info] Loaded new command: ping.js","time":"09 Aug 2023 - 19:19:39"}
{"level":"info","message":"[Info] Loaded new event: raw.js","time":"09 Aug 2023 - 19:19:39"}
{"level":"info","message":"[Info] Loaded new event: ready.js","time":"09 Aug 2023 - 19:19:39"}
{"level":"info","message":"[Info] Loaded new event: interactionCreate.js","time":"09 Aug 2023 - 19:19:39"}
{"level":"info","message":"[Info] Loaded new event: messageCreate.js","time":"09 Aug 2023 - 19:19:39"}
{"level":"warn","message":"[Warning] MongoDB has been disabled in the config file!","time":"09 Aug 2023 - 19:19:39"}
{"level":"info","message":"[Info] Started loading application commands... (this might take minutes!)","time":"09 Aug 2023 - 19:19:39"}
{"level":"info","message":"[Info] Logged in as: Shiba Development#6788","time":"09 Aug 2023 - 19:19:39"}
{"level":"info","message":"[Info] Successfully loaded application commands to Discord API.","time":"09 Aug 2023 - 19:19:39"}
{"level":"info","message":"[Info] Loaded new command: help.js","time":"09 Aug 2023 - 19:33:32"}
{"level":"info","message":"[Info] Loaded new command: ping.js","time":"09 Aug 2023 - 19:33:32"}
{"level":"info","message":"[Info] Loaded new event: raw.js","time":"09 Aug 2023 - 19:33:32"}
{"level":"info","message":"[Info] Loaded new event: ready.js","time":"09 Aug 2023 - 19:33:32"}
{"level":"info","message":"[Info] Loaded new event: interactionCreate.js","time":"09 Aug 2023 - 19:33:32"}
{"level":"info","message":"[Info] Loaded new event: messageCreate.js","time":"09 Aug 2023 - 19:33:32"}
{"level":"warn","message":"[Warning] MongoDB has been disabled in the config file!","time":"09 Aug 2023 - 19:33:32"}
{"level":"info","message":"[Info] Started loading application commands... (this might take minutes!)","time":"09 Aug 2023 - 19:33:32"}
{"level":"info","message":"[Info] Logged in as: Shiba Development#6788","time":"09 Aug 2023 - 19:33:32"}
{"level":"info","message":"[Info] Successfully loaded application commands to Discord API.","time":"09 Aug 2023 - 19:33:32"}
{"level":"info","message":"[Info] Loaded new command: help.js","time":"09 Aug 2023 - 19:36:14"}
{"level":"info","message":"[Info] Loaded new command: ping.js","time":"09 Aug 2023 - 19:36:14"}
{"level":"info","message":"[Info] Loaded new event: raw.js","time":"09 Aug 2023 - 19:36:14"}
{"level":"info","message":"[Info] Loaded new event: ready.js","time":"09 Aug 2023 - 19:36:14"}
{"level":"info","message":"[Info] Loaded new event: interactionCreate.js","time":"09 Aug 2023 - 19:36:14"}
{"level":"info","message":"[Info] Loaded new event: messageCreate.js","time":"09 Aug 2023 - 19:36:14"}
{"level":"warn","message":"[Warning] MongoDB has been disabled in the config file!","time":"09 Aug 2023 - 19:36:14"}
{"level":"info","message":"[Info] Started loading application commands... (this might take minutes!)","time":"09 Aug 2023 - 19:36:14"}
{"level":"info","message":"[Info] Logged in as: Shiba Development#6788","time":"09 Aug 2023 - 19:36:14"}
{"level":"info","message":"[Info] Successfully loaded application commands to Discord API.","time":"09 Aug 2023 - 19:36:14"}
{"level":"info","message":"[Info] Loaded new command: help.js","time":"09 Aug 2023 - 19:37:06"}
{"level":"info","message":"[Info] Loaded new command: ping.js","time":"09 Aug 2023 - 19:37:06"}
{"level":"info","message":"[Info] Loaded new event: raw.js","time":"09 Aug 2023 - 19:37:06"}
{"level":"info","message":"[Info] Loaded new event: ready.js","time":"09 Aug 2023 - 19:37:06"}
{"level":"info","message":"[Info] Loaded new event: interactionCreate.js","time":"09 Aug 2023 - 19:37:06"}
{"level":"info","message":"[Info] Loaded new event: messageCreate.js","time":"09 Aug 2023 - 19:37:06"}
{"level":"warn","message":"[Warning] MongoDB has been disabled in the config file!","time":"09 Aug 2023 - 19:37:06"}
{"level":"info","message":"[Info] Started loading application commands... (this might take minutes!)","time":"09 Aug 2023 - 19:37:06"}
{"level":"info","message":"[Info] Logged in as: Shiba Development#6788","time":"09 Aug 2023 - 19:37:06"}
{"level":"info","message":"[Info] Successfully loaded application commands to Discord API.","time":"09 Aug 2023 - 19:37:06"}
{"level":"info","message":"[Info] Loaded new command: help.js","time":"09 Aug 2023 - 19:37:35"}
{"level":"info","message":"[Info] Loaded new command: help.js","time":"09 Aug 2023 - 19:37:39"}
{"level":"info","message":"[Info] Loaded new command: ping.js","time":"09 Aug 2023 - 19:37:39"}
{"level":"info","message":"[Info] Loaded new event: raw.js","time":"09 Aug 2023 - 19:37:39"}
{"level":"info","message":"[Info] Loaded new event: ready.js","time":"09 Aug 2023 - 19:37:39"}
{"level":"info","message":"[Info] Loaded new event: interactionCreate.js","time":"09 Aug 2023 - 19:37:39"}
{"level":"info","message":"[Info] Loaded new event: messageCreate.js","time":"09 Aug 2023 - 19:37:39"}
{"level":"warn","message":"[Warning] MongoDB has been disabled in the config file!","time":"09 Aug 2023 - 19:37:39"}
{"level":"info","message":"[Info] Started loading application commands... (this might take minutes!)","time":"09 Aug 2023 - 19:37:39"}
{"level":"info","message":"[Info] Logged in as: Shiba Development#6788","time":"09 Aug 2023 - 19:37:39"}
{"level":"info","message":"[Info] Successfully loaded application commands to Discord API.","time":"09 Aug 2023 - 19:37:39"}
{"level":"info","message":"[Info] Loaded new command: help.js","time":"09 Aug 2023 - 19:38:26"}
{"level":"info","message":"[Info] Loaded new command: ping.js","time":"09 Aug 2023 - 19:38:26"}
{"level":"info","message":"[Info] Loaded new event: raw.js","time":"09 Aug 2023 - 19:38:26"}
{"level":"info","message":"[Info] Loaded new event: ready.js","time":"09 Aug 2023 - 19:38:26"}
{"level":"info","message":"[Info] Loaded new event: interactionCreate.js","time":"09 Aug 2023 - 19:38:26"}
{"level":"info","message":"[Info] Loaded new event: messageCreate.js","time":"09 Aug 2023 - 19:38:26"}
{"level":"warn","message":"[Warning] MongoDB has been disabled in the config file!","time":"09 Aug 2023 - 19:38:26"}
{"level":"info","message":"[Info] Started loading application commands... (this might take minutes!)","time":"09 Aug 2023 - 19:38:26"}
{"level":"info","message":"[Info] Logged in as: Shiba Development#6788","time":"09 Aug 2023 - 19:38:26"}
{"level":"info","message":"[Info] Successfully loaded application commands to Discord API.","time":"09 Aug 2023 - 19:38:26"}
{"level":"info","message":"[Info] Loaded new command: help.js","time":"09 Aug 2023 - 19:40:33"}
{"level":"info","message":"[Info] Loaded new command: ping.js","time":"09 Aug 2023 - 19:40:33"}
{"level":"info","message":"[Info] Loaded new event: raw.js","time":"09 Aug 2023 - 19:40:33"}
{"level":"info","message":"[Info] Loaded new event: ready.js","time":"09 Aug 2023 - 19:40:33"}
{"level":"info","message":"[Info] Loaded new event: interactionCreate.js","time":"09 Aug 2023 - 19:40:33"}
{"level":"info","message":"[Info] Loaded new event: messageCreate.js","time":"09 Aug 2023 - 19:40:33"}
{"level":"warn","message":"[Warning] MongoDB has been disabled in the config file!","time":"09 Aug 2023 - 19:40:33"}
{"level":"info","message":"[Info] Started loading application commands... (this might take minutes!)","time":"09 Aug 2023 - 19:40:33"}
{"level":"info","message":"[Info] Logged in as: Shiba Development#6788","time":"09 Aug 2023 - 19:40:33"}
{"level":"info","message":"[Info] Successfully loaded application commands to Discord API.","time":"09 Aug 2023 - 19:40:33"}
{"level":"info","message":"[Info] Loaded new command: help.js","time":"09 Aug 2023 - 19:41:38"}
{"level":"info","message":"[Info] Loaded new command: ping.js","time":"09 Aug 2023 - 19:41:38"}
{"level":"info","message":"[Info] Loaded new event: raw.js","time":"09 Aug 2023 - 19:41:38"}
{"level":"info","message":"[Info] Loaded new event: ready.js","time":"09 Aug 2023 - 19:41:38"}
{"level":"info","message":"[Info] Loaded new event: interactionCreate.js","time":"09 Aug 2023 - 19:41:38"}
{"level":"info","message":"[Info] Loaded new event: messageCreate.js","time":"09 Aug 2023 - 19:41:38"}
{"level":"warn","message":"[Warning] MongoDB has been disabled in the config file!","time":"09 Aug 2023 - 19:41:38"}
{"level":"info","message":"[Info] Started loading application commands... (this might take minutes!)","time":"09 Aug 2023 - 19:41:38"}
{"level":"info","message":"[Info] Logged in as: Shiba Development#6788","time":"09 Aug 2023 - 19:41:38"}
{"level":"info","message":"[Info] Successfully loaded application commands to Discord API.","time":"09 Aug 2023 - 19:41:38"}
